<?xml version="1.0" encoding="UTF-8"?>
<!-- Generated by org.testng.reporters.JUnitXMLReporter -->
<testsuite ignored="0" hostname="DESKTOP-96MNN89" failures="0" tests="2" name="Run on chrome" time="0.359" errors="0" timestamp="19 thg 1 2023 14:13:38 GMT">
  <testcase classname="com.saurcelab.sort.Level_19_Sort_Asc_Desc" name="@BeforeClass beforeClass" time="0.0">
    <failure type="org.testng.TestNGException" message="
Parameter &amp;apos;appUrl&amp;apos; is required by BeforeClass on method beforeClass but has not been marked @Optional or defined
in D:\Fullstack Selenium Java\01 - Tool\eclipse-java-2022-03-R-win32-x86_64\workspace\maven-hybird-framework\src\test\resources\runNopCommerceUser.xml">
      <![CDATA[org.testng.TestNGException: 
Parameter 'appUrl' is required by BeforeClass on method beforeClass but has not been marked @Optional or defined
in D:\Fullstack Selenium Java\01 - Tool\eclipse-java-2022-03-R-win32-x86_64\workspace\maven-hybird-framework\src\test\resources\runNopCommerceUser.xml
... Removed 23 stack frames]]>
    </failure>
  </testcase> <!-- @BeforeClass beforeClass -->
  <testcase classname="com.saurcelab.sort.Level_19_Sort_Asc_Desc" name="@AfterClass afterClass" time="0.005">
    <failure type="java.lang.NullPointerException" message="Cannot invoke &amp;quot;String.isEmpty()&amp;quot; because &amp;quot;command&amp;quot; is null">
      <![CDATA[java.lang.NullPointerException: Cannot invoke "String.isEmpty()" because "command" is null
at java.base/java.lang.Runtime.exec(Runtime.java:411)
at java.base/java.lang.Runtime.exec(Runtime.java:315)
at commons.BaseTest.closeBrowserDriver(BaseTest.java:340)
at com.saurcelab.sort.Level_19_Sort_Asc_Desc.afterClass(Level_19_Sort_Asc_Desc.java:56)
... Removed 26 stack frames]]>
    </failure>
  </testcase> <!-- @AfterClass afterClass -->
  <testcase classname="com.saurcelab.sort.Level_19_Sort_Asc_Desc" name="TC_01_Name" time="0.0">
    <skipped/>
  </testcase> <!-- TC_01_Name -->
  <testcase classname="com.saurcelab.sort.Level_19_Sort_Asc_Desc" name="TC_02_Price" time="0.0">
    <skipped/>
  </testcase> <!-- TC_02_Price -->
</testsuite> <!-- Run on chrome -->
